[2022-08-12T12:51:12.867] [ERROR] default - error al iniciar sesion
[2022-08-12T12:51:13.404] [ERROR] default - error al iniciar sesion
[2022-08-12T12:51:52.448] [ERROR] default - error al iniciar sesion
[2022-08-12T12:53:31.897] [ERROR] default - error al iniciar sesion
[2022-08-16T20:15:03.593] [ERROR] default - error al iniciar sesion
[2022-08-16T20:19:56.307] [ERROR] default - error al iniciar sesion
[2022-08-16T20:22:26.383] [ERROR] default - error al iniciar sesion
[2022-08-22T19:00:15.924] [ERROR] default - error al iniciar sesion
[2022-08-22T19:00:16.470] [ERROR] default - error al iniciar sesion
[2022-08-22T20:15:42.338] [ERROR] default - error al iniciar sesion
[2022-08-22T20:16:23.306] [ERROR] default - error al iniciar sesion
[2022-08-22T20:16:23.867] [ERROR] default - error al iniciar sesion
[2022-08-22T20:34:45.260] [ERROR] default - ReferenceError: productoModel is not defined
    at getProduct (C:\Users\alvar\Desktop\curso-backend\desafioPrimerEntregable\Back\persistencia\productos.js:8:25)
    at getProductos (C:\Users\alvar\Desktop\curso-backend\desafioPrimerEntregable\Back\negocio\productos.js:7:26)
    at getAll (C:\Users\alvar\Desktop\curso-backend\desafioPrimerEntregable\Back\controlador\productos.js:8:29)
    at Layer.handle [as handle_request] (C:\Users\alvar\Desktop\curso-backend\desafioPrimerEntregable\Back\node_modules\express\lib\router\layer.js:95:5)
    at next (C:\Users\alvar\Desktop\curso-backend\desafioPrimerEntregable\Back\node_modules\express\lib\router\route.js:137:13)
    at Route.dispatch (C:\Users\alvar\Desktop\curso-backend\desafioPrimerEntregable\Back\node_modules\express\lib\router\route.js:112:3)
    at Layer.handle [as handle_request] (C:\Users\alvar\Desktop\curso-backend\desafioPrimerEntregable\Back\node_modules\express\lib\router\layer.js:95:5)
    at C:\Users\alvar\Desktop\curso-backend\desafioPrimerEntregable\Back\node_modules\express\lib\router\index.js:281:22
    at Function.process_params (C:\Users\alvar\Desktop\curso-backend\desafioPrimerEntregable\Back\node_modules\express\lib\router\index.js:341:12)
    at next (C:\Users\alvar\Desktop\curso-backend\desafioPrimerEntregable\Back\node_modules\express\lib\router\index.js:275:10)
[2022-08-22T20:34:45.284] [ERROR] default - ReferenceError: productoModel is not defined
    at getProduct (C:\Users\alvar\Desktop\curso-backend\desafioPrimerEntregable\Back\persistencia\productos.js:8:25)
    at getProductos (C:\Users\alvar\Desktop\curso-backend\desafioPrimerEntregable\Back\negocio\productos.js:7:26)
    at getAll (C:\Users\alvar\Desktop\curso-backend\desafioPrimerEntregable\Back\controlador\productos.js:8:29)
    at Layer.handle [as handle_request] (C:\Users\alvar\Desktop\curso-backend\desafioPrimerEntregable\Back\node_modules\express\lib\router\layer.js:95:5)
    at next (C:\Users\alvar\Desktop\curso-backend\desafioPrimerEntregable\Back\node_modules\express\lib\router\route.js:137:13)
    at Route.dispatch (C:\Users\alvar\Desktop\curso-backend\desafioPrimerEntregable\Back\node_modules\express\lib\router\route.js:112:3)
    at Layer.handle [as handle_request] (C:\Users\alvar\Desktop\curso-backend\desafioPrimerEntregable\Back\node_modules\express\lib\router\layer.js:95:5)
    at C:\Users\alvar\Desktop\curso-backend\desafioPrimerEntregable\Back\node_modules\express\lib\router\index.js:281:22
    at Function.process_params (C:\Users\alvar\Desktop\curso-backend\desafioPrimerEntregable\Back\node_modules\express\lib\router\index.js:341:12)
    at next (C:\Users\alvar\Desktop\curso-backend\desafioPrimerEntregable\Back\node_modules\express\lib\router\index.js:275:10)
[2022-08-22T20:42:59.667] [ERROR] default - error al iniciar sesion
[2022-08-22T20:49:53.560] [ERROR] default - Error: productos validation failed: stock: Path `stock` (123) is more than maximum allowed value (100).
    at ValidationError.inspect (C:\Users\alvar\Desktop\curso-backend\desafioPrimerEntregable\Back\node_modules\mongoose\lib\error\validation.js:48:26)
    at formatValue (internal/util/inspect.js:745:19)
    at inspect (internal/util/inspect.js:319:10)
    at formatWithOptionsInternal (internal/util/inspect.js:1979:40)
    at Object.format (internal/util/inspect.js:1853:10)
    at basicLayout (C:\Users\alvar\Desktop\curso-backend\desafioPrimerEntregable\Back\node_modules\log4js\lib\layouts.js:65:52)
    at app (C:\Users\alvar\Desktop\curso-backend\desafioPrimerEntregable\Back\node_modules\log4js\lib\appenders\file.js:98:23)
    at C:\Users\alvar\Desktop\curso-backend\desafioPrimerEntregable\Back\node_modules\log4js\lib\appenders\logLevelFilter.js:10:7
    at C:\Users\alvar\Desktop\curso-backend\desafioPrimerEntregable\Back\node_modules\log4js\lib\log4js.js:43:5
    at Array.forEach (<anonymous>) {
  errors: {
    stock: ValidatorError: Path `stock` (123) is more than maximum allowed value (100).
        at validate (C:\Users\alvar\Desktop\curso-backend\desafioPrimerEntregable\Back\node_modules\mongoose\lib\schematype.js:1330:13)
        at SchemaNumber.SchemaType.doValidate (C:\Users\alvar\Desktop\curso-backend\desafioPrimerEntregable\Back\node_modules\mongoose\lib\schematype.js:1314:7)
        at C:\Users\alvar\Desktop\curso-backend\desafioPrimerEntregable\Back\node_modules\mongoose\lib\document.js:2751:18
        at processTicksAndRejections (internal/process/task_queues.js:77:11) {
      properties: [Object],
      kind: 'max',
      path: 'stock',
      value: 123,
      reason: undefined,
      [Symbol(mongoose:validatorError)]: true
    }
  },
  _message: 'productos validation failed'
}
[2022-08-22T20:50:04.953] [ERROR] default - Error: productos validation failed: stock: Path `stock` (123) is more than maximum allowed value (100).
    at ValidationError.inspect (C:\Users\alvar\Desktop\curso-backend\desafioPrimerEntregable\Back\node_modules\mongoose\lib\error\validation.js:48:26)
    at formatValue (internal/util/inspect.js:745:19)
    at inspect (internal/util/inspect.js:319:10)
    at formatWithOptionsInternal (internal/util/inspect.js:1979:40)
    at Object.format (internal/util/inspect.js:1853:10)
    at basicLayout (C:\Users\alvar\Desktop\curso-backend\desafioPrimerEntregable\Back\node_modules\log4js\lib\layouts.js:65:52)
    at app (C:\Users\alvar\Desktop\curso-backend\desafioPrimerEntregable\Back\node_modules\log4js\lib\appenders\file.js:98:23)
    at C:\Users\alvar\Desktop\curso-backend\desafioPrimerEntregable\Back\node_modules\log4js\lib\appenders\logLevelFilter.js:10:7
    at C:\Users\alvar\Desktop\curso-backend\desafioPrimerEntregable\Back\node_modules\log4js\lib\log4js.js:43:5
    at Array.forEach (<anonymous>) {
  errors: {
    stock: ValidatorError: Path `stock` (123) is more than maximum allowed value (100).
        at validate (C:\Users\alvar\Desktop\curso-backend\desafioPrimerEntregable\Back\node_modules\mongoose\lib\schematype.js:1330:13)
        at SchemaNumber.SchemaType.doValidate (C:\Users\alvar\Desktop\curso-backend\desafioPrimerEntregable\Back\node_modules\mongoose\lib\schematype.js:1314:7)
        at C:\Users\alvar\Desktop\curso-backend\desafioPrimerEntregable\Back\node_modules\mongoose\lib\document.js:2751:18
        at processTicksAndRejections (internal/process/task_queues.js:77:11) {
      properties: [Object],
      kind: 'max',
      path: 'stock',
      value: 123,
      reason: undefined,
      [Symbol(mongoose:validatorError)]: true
    }
  },
  _message: 'productos validation failed'
}
[2022-08-22T21:00:56.868] [ERROR] default - error al iniciar sesion
[2022-08-22T21:01:16.866] [ERROR] default - error al iniciar sesion
[2022-08-22T21:19:37.424] [ERROR] default - ReferenceError: res is not defined
    at updateProductoDb (C:\Users\alvar\Desktop\curso-backend\desafioPrimerEntregable\Back\persistencia\productos.js:90:10)
    at processTicksAndRejections (internal/process/task_queues.js:95:5)
    at async updateProducto (C:\Users\alvar\Desktop\curso-backend\desafioPrimerEntregable\Back\negocio\productos.js:29:20)
    at async updateProduct (C:\Users\alvar\Desktop\curso-backend\desafioPrimerEntregable\Back\controlador\productos.js:48:23)
[2022-08-22T21:20:09.530] [ERROR] default - ReferenceError: res is not defined
    at updateProductoDb (C:\Users\alvar\Desktop\curso-backend\desafioPrimerEntregable\Back\persistencia\productos.js:90:10)
    at processTicksAndRejections (internal/process/task_queues.js:95:5)
    at async updateProducto (C:\Users\alvar\Desktop\curso-backend\desafioPrimerEntregable\Back\negocio\productos.js:29:20)
    at async updateProduct (C:\Users\alvar\Desktop\curso-backend\desafioPrimerEntregable\Back\controlador\productos.js:48:23)
